<?xml version="1.0" encoding="UTF-8"?>
<testng-results ignored="0" total="3" passed="2" failed="1" skipped="0">
  <reporter-output>
  </reporter-output>
  <suite started-at="2022-08-15T03:41:28Z" name="Suite" finished-at="2022-08-15T03:48:04Z" duration-ms="395131">
    <groups>
    </groups>
    <test started-at="2022-08-15T03:41:28Z" name="Test" finished-at="2022-08-15T03:48:04Z" duration-ms="395131">
      <class name="com.Neostox.TestCases.LoginPageTest">
        <test-method is-config="true" signature="initalizeDriver()[pri:0, instance:com.Neostox.TestCases.LoginPageTest@19e4653c]" started-at="2022-08-15T03:41:29Z" name="initalizeDriver" finished-at="2022-08-15T03:44:06Z" duration-ms="157478" status="PASS">
          <reporter-output>
          </reporter-output>
        </test-method> <!-- initalizeDriver -->
        <test-method signature="LoginPageNavigationTest()[pri:0, instance:com.Neostox.TestCases.LoginPageTest@19e4653c]" started-at="2022-08-15T03:44:06Z" name="LoginPageNavigationTest" finished-at="2022-08-15T03:45:31Z" duration-ms="84459" status="PASS">
          <reporter-output>
          </reporter-output>
        </test-method> <!-- LoginPageNavigationTest -->
        <test-method is-config="true" signature="teardown()[pri:0, instance:com.Neostox.TestCases.LoginPageTest@19e4653c]" started-at="2022-08-15T03:45:32Z" name="teardown" finished-at="2022-08-15T03:45:55Z" duration-ms="23319" status="PASS">
          <reporter-output>
          </reporter-output>
        </test-method> <!-- teardown -->
        <test-method is-config="true" signature="initalizeDriver()[pri:0, instance:com.Neostox.TestCases.LoginPageTest@19e4653c]" started-at="2022-08-15T03:45:55Z" name="initalizeDriver" finished-at="2022-08-15T03:46:56Z" duration-ms="60440" status="PASS">
          <reporter-output>
          </reporter-output>
        </test-method> <!-- initalizeDriver -->
        <test-method signature="Logout()[pri:0, instance:com.Neostox.TestCases.LoginPageTest@19e4653c]" started-at="2022-08-15T03:46:56Z" name="Logout" finished-at="2022-08-15T03:46:56Z" duration-ms="6" status="PASS">
          <reporter-output>
          </reporter-output>
        </test-method> <!-- Logout -->
        <test-method is-config="true" signature="teardown()[pri:0, instance:com.Neostox.TestCases.LoginPageTest@19e4653c]" started-at="2022-08-15T03:46:56Z" name="teardown" finished-at="2022-08-15T03:47:16Z" duration-ms="20572" status="PASS">
          <reporter-output>
          </reporter-output>
        </test-method> <!-- teardown -->
        <test-method is-config="true" signature="initalizeDriver()[pri:0, instance:com.Neostox.TestCases.LoginPageTest@19e4653c]" started-at="2022-08-15T03:47:16Z" name="initalizeDriver" finished-at="2022-08-15T03:47:46Z" duration-ms="29678" status="PASS">
          <reporter-output>
          </reporter-output>
        </test-method> <!-- initalizeDriver -->
        <test-method signature="testcas1()[pri:0, instance:com.Neostox.TestCases.LoginPageTest@19e4653c]" started-at="2022-08-15T03:47:46Z" name="testcas1" finished-at="2022-08-15T03:47:46Z" duration-ms="97" status="FAIL">
          <exception class="java.lang.AssertionError">
            <message>
              <![CDATA[null]]>
            </message>
            <full-stacktrace>
              <![CDATA[java.lang.AssertionError: null
at org.testng.Assert.fail(Assert.java:96)
at org.testng.Assert.fail(Assert.java:103)
at com.Neostox.TestCases.LoginPageTest.testcas1(LoginPageTest.java:38)
at java.base/jdk.internal.reflect.NativeMethodAccessorImpl.invoke0(Native Method)
at java.base/jdk.internal.reflect.NativeMethodAccessorImpl.invoke(NativeMethodAccessorImpl.java:62)
at java.base/jdk.internal.reflect.DelegatingMethodAccessorImpl.invoke(DelegatingMethodAccessorImpl.java:43)
at java.base/java.lang.reflect.Method.invoke(Method.java:564)
at org.testng.internal.MethodInvocationHelper.invokeMethod(MethodInvocationHelper.java:124)
at org.testng.internal.Invoker.invokeMethod(Invoker.java:583)
at org.testng.internal.Invoker.invokeTestMethod(Invoker.java:719)
at org.testng.internal.Invoker.invokeTestMethods(Invoker.java:989)
at org.testng.internal.TestMethodWorker.invokeTestMethods(TestMethodWorker.java:125)
at org.testng.internal.TestMethodWorker.run(TestMethodWorker.java:109)
at java.base/java.util.concurrent.ThreadPoolExecutor.runWorker(ThreadPoolExecutor.java:1130)
at java.base/java.util.concurrent.ThreadPoolExecutor$Worker.run(ThreadPoolExecutor.java:630)
at java.base/java.lang.Thread.run(Thread.java:832)
]]>
            </full-stacktrace>
          </exception> <!-- java.lang.AssertionError -->
          <reporter-output>
          </reporter-output>
        </test-method> <!-- testcas1 -->
        <test-method is-config="true" signature="teardown()[pri:0, instance:com.Neostox.TestCases.LoginPageTest@19e4653c]" started-at="2022-08-15T03:47:51Z" name="teardown" finished-at="2022-08-15T03:48:04Z" duration-ms="12451" status="PASS">
          <reporter-output>
          </reporter-output>
        </test-method> <!-- teardown -->
      </class> <!-- com.Neostox.TestCases.LoginPageTest -->
    </test> <!-- Test -->
  </suite> <!-- Suite -->
</testng-results>
