<?xml version="1.0" encoding="UTF-8"?>
<testng-results skipped="0" failed="1" ignored="0" total="4" passed="3">
  <reporter-output>
  </reporter-output>
  <suite name="Command line suite" duration-ms="100501" started-at="2022-09-04T13:06:11Z" finished-at="2022-09-04T13:07:51Z">
    <groups>
    </groups>
    <test name="Command line test" duration-ms="100501" started-at="2022-09-04T13:06:11Z" finished-at="2022-09-04T13:07:51Z">
      <class name="com.Neostox.TestCases.DashboardPageTest">
        <test-method status="PASS" signature="test1()[pri:0, instance:com.Neostox.TestCases.DashboardPageTest@7946e1f4]" name="test1" duration-ms="9" started-at="2022-09-04T13:06:11Z" finished-at="2022-09-04T13:06:11Z">
          <reporter-output>
          </reporter-output>
        </test-method> <!-- test1 -->
      </class> <!-- com.Neostox.TestCases.DashboardPageTest -->
      <class name="com.Neostox.TestCases.LoginPageTest">
        <test-method status="PASS" signature="initalizeDriver()[pri:0, instance:com.Neostox.TestCases.LoginPageTest@3c09711b]" name="initalizeDriver" is-config="true" duration-ms="25694" started-at="2022-09-04T13:06:11Z" finished-at="2022-09-04T13:06:37Z">
          <reporter-output>
          </reporter-output>
        </test-method> <!-- initalizeDriver -->
        <test-method status="PASS" signature="LoginPageNavigationTest()[pri:0, instance:com.Neostox.TestCases.LoginPageTest@3c09711b]" name="LoginPageNavigationTest" duration-ms="17810" started-at="2022-09-04T13:06:37Z" finished-at="2022-09-04T13:06:54Z">
          <reporter-output>
          </reporter-output>
        </test-method> <!-- LoginPageNavigationTest -->
        <test-method status="PASS" signature="teardown()[pri:0, instance:com.Neostox.TestCases.LoginPageTest@3c09711b]" name="teardown" is-config="true" duration-ms="1610" started-at="2022-09-04T13:06:54Z" finished-at="2022-09-04T13:06:56Z">
          <reporter-output>
          </reporter-output>
        </test-method> <!-- teardown -->
        <test-method status="PASS" signature="initalizeDriver()[pri:0, instance:com.Neostox.TestCases.LoginPageTest@3c09711b]" name="initalizeDriver" is-config="true" duration-ms="32771" started-at="2022-09-04T13:06:56Z" finished-at="2022-09-04T13:07:29Z">
          <reporter-output>
          </reporter-output>
        </test-method> <!-- initalizeDriver -->
        <test-method status="PASS" signature="Logout()[pri:0, instance:com.Neostox.TestCases.LoginPageTest@3c09711b]" name="Logout" duration-ms="0" started-at="2022-09-04T13:07:29Z" finished-at="2022-09-04T13:07:29Z">
          <reporter-output>
          </reporter-output>
        </test-method> <!-- Logout -->
        <test-method status="PASS" signature="teardown()[pri:0, instance:com.Neostox.TestCases.LoginPageTest@3c09711b]" name="teardown" is-config="true" duration-ms="2387" started-at="2022-09-04T13:07:29Z" finished-at="2022-09-04T13:07:31Z">
          <reporter-output>
          </reporter-output>
        </test-method> <!-- teardown -->
        <test-method status="PASS" signature="initalizeDriver()[pri:0, instance:com.Neostox.TestCases.LoginPageTest@3c09711b]" name="initalizeDriver" is-config="true" duration-ms="15955" started-at="2022-09-04T13:07:31Z" finished-at="2022-09-04T13:07:47Z">
          <reporter-output>
          </reporter-output>
        </test-method> <!-- initalizeDriver -->
        <test-method status="FAIL" signature="testcas1()[pri:0, instance:com.Neostox.TestCases.LoginPageTest@3c09711b]" name="testcas1" duration-ms="0" started-at="2022-09-04T13:07:47Z" finished-at="2022-09-04T13:07:47Z">
          <exception class="java.lang.AssertionError">
            <message>
              <![CDATA[null]]>
            </message>
            <full-stacktrace>
              <![CDATA[java.lang.AssertionError: null
at org.testng.Assert.fail(Assert.java:96)
at org.testng.Assert.fail(Assert.java:103)
at com.Neostox.TestCases.LoginPageTest.testcas1(LoginPageTest.java:37)
at sun.reflect.NativeMethodAccessorImpl.invoke0(Native Method)
at sun.reflect.NativeMethodAccessorImpl.invoke(NativeMethodAccessorImpl.java:62)
at sun.reflect.DelegatingMethodAccessorImpl.invoke(DelegatingMethodAccessorImpl.java:43)
at java.lang.reflect.Method.invoke(Method.java:498)
at org.testng.internal.MethodInvocationHelper.invokeMethod(MethodInvocationHelper.java:124)
at org.testng.internal.Invoker.invokeMethod(Invoker.java:583)
at org.testng.internal.Invoker.invokeTestMethod(Invoker.java:719)
at org.testng.internal.Invoker.invokeTestMethods(Invoker.java:989)
at org.testng.internal.TestMethodWorker.invokeTestMethods(TestMethodWorker.java:125)
at org.testng.internal.TestMethodWorker.run(TestMethodWorker.java:109)
at org.testng.TestRunner.privateRun(TestRunner.java:648)
at org.testng.TestRunner.run(TestRunner.java:505)
at org.testng.SuiteRunner.runTest(SuiteRunner.java:455)
at org.testng.SuiteRunner.runSequentially(SuiteRunner.java:450)
at org.testng.SuiteRunner.privateRun(SuiteRunner.java:415)
at org.testng.SuiteRunner.run(SuiteRunner.java:364)
at org.testng.SuiteRunnerWorker.runSuite(SuiteRunnerWorker.java:52)
at org.testng.SuiteRunnerWorker.run(SuiteRunnerWorker.java:84)
at org.testng.TestNG.runSuitesSequentially(TestNG.java:1208)
at org.testng.TestNG.runSuitesLocally(TestNG.java:1137)
at org.testng.TestNG.runSuites(TestNG.java:1049)
at org.testng.TestNG.run(TestNG.java:1017)
at org.apache.maven.surefire.testng.TestNGExecutor.run(TestNGExecutor.java:77)
at org.apache.maven.surefire.testng.TestNGDirectoryTestSuite.executeMulti(TestNGDirectoryTestSuite.java:159)
at org.apache.maven.surefire.testng.TestNGDirectoryTestSuite.execute(TestNGDirectoryTestSuite.java:99)
at org.apache.maven.surefire.testng.TestNGProvider.invoke(TestNGProvider.java:106)
at sun.reflect.NativeMethodAccessorImpl.invoke0(Native Method)
at sun.reflect.NativeMethodAccessorImpl.invoke(NativeMethodAccessorImpl.java:62)
at sun.reflect.DelegatingMethodAccessorImpl.invoke(DelegatingMethodAccessorImpl.java:43)
at java.lang.reflect.Method.invoke(Method.java:498)
at org.apache.maven.surefire.util.ReflectionUtils.invokeMethodWithArray(ReflectionUtils.java:189)
at org.apache.maven.surefire.booter.ProviderFactory$ProviderProxy.invoke(ProviderFactory.java:165)
at org.apache.maven.surefire.booter.ProviderFactory.invokeProvider(ProviderFactory.java:85)
at org.apache.maven.surefire.booter.ForkedBooter.runSuitesInProcess(ForkedBooter.java:115)
at org.apache.maven.surefire.booter.ForkedBooter.main(ForkedBooter.java:75)
]]>
            </full-stacktrace>
          </exception> <!-- java.lang.AssertionError -->
          <reporter-output>
          </reporter-output>
        </test-method> <!-- testcas1 -->
        <test-method status="PASS" signature="teardown()[pri:0, instance:com.Neostox.TestCases.LoginPageTest@3c09711b]" name="teardown" is-config="true" duration-ms="1905" started-at="2022-09-04T13:07:49Z" finished-at="2022-09-04T13:07:51Z">
          <reporter-output>
          </reporter-output>
        </test-method> <!-- teardown -->
      </class> <!-- com.Neostox.TestCases.LoginPageTest -->
    </test> <!-- Command line test -->
  </suite> <!-- Command line suite -->
</testng-results>
